Mplus VERSION 7.3
MUTHEN & MUTHEN
04/27/2015   3:15 PM

INPUT INSTRUCTIONS

   TITLE:  BSEM Holzinger 1 fac

    DATA:  !file is "/Users/RJacobucci/Dropbox/621/Project/HS.dat";
    	file = HS.dat;

    VARIABLE:  names are id sex ageyr agemo school grade x1 x2 x3 x4 x5 x6 x7 x8 x9;
              ! ageyr won't converge
               usevar are x1 x2 x3 x4 x5 x6 x7 x8 x9;
               !categorical are sex;
               missing are all (-99);
               GROUPING IS sex(1=male 2=female);


    ANALYSIS:
  	ESTIMATOR = ml;
  	PROCESSORS = 2;
  	!CHAINS = 15;
  	!Bconvergence = 0.01;
  	!BITERATIONS = 5000000(200,000);
  	
  	MODEL = CONFIGURAL METRIC;


     MODEL:
          	   f1 by x1-x3;! x7 x9;
          	   f2 by x4-x6;! x1;
          	   f3 by x7-x9;
          	  ! f1@1;



    OUTPUT: MODINDICES(3.84);


          	
          	








*** WARNING in OUTPUT command
  MODINDICES option is not available when performing measurement invariance
  testing with multiple models with the MODEL option of the ANALYSIS command.
  Request for MODINDICES is ignored.
   1 WARNING(S) FOUND IN THE INPUT INSTRUCTIONS



BSEM Holzinger 1 fac

SUMMARY OF ANALYSIS

Number of groups                                                 2
Number of observations
   Group MALE                                                  146
   Group FEMALE                                                155
   Total sample size                                           301

Number of dependent variables                                    9
Number of independent variables                                  0
Number of continuous latent variables                            3

Observed dependent variables

  Continuous
   X1          X2          X3          X4          X5          X6
   X7          X8          X9

Continuous latent variables
   F1          F2          F3

Variables with special functions

  Grouping variable     SEX

Estimator                                                       ML
Information matrix                                        OBSERVED
Maximum number of iterations                                  1000
Convergence criterion                                    0.500D-04
Maximum number of steepest descent iterations                   20
Maximum number of iterations for H1                           2000
Convergence criterion for H1                             0.100D-03

Input data file(s)
  HS.dat

Input data format  FREE


SUMMARY OF DATA

   Group MALE
     Number of missing data patterns             1

   Group FEMALE
     Number of missing data patterns             1


COVARIANCE COVERAGE OF DATA

Minimum covariance coverage value   0.100


     PROPORTION OF DATA PRESENT FOR MALE


           Covariance Coverage
              X1            X2            X3            X4            X5
              ________      ________      ________      ________      ________
 X1             1.000
 X2             1.000         1.000
 X3             1.000         1.000         1.000
 X4             1.000         1.000         1.000         1.000
 X5             1.000         1.000         1.000         1.000         1.000
 X6             1.000         1.000         1.000         1.000         1.000
 X7             1.000         1.000         1.000         1.000         1.000
 X8             1.000         1.000         1.000         1.000         1.000
 X9             1.000         1.000         1.000         1.000         1.000


           Covariance Coverage
              X6            X7            X8            X9
              ________      ________      ________      ________
 X6             1.000
 X7             1.000         1.000
 X8             1.000         1.000         1.000
 X9             1.000         1.000         1.000         1.000


     PROPORTION OF DATA PRESENT FOR FEMALE


           Covariance Coverage
              X1            X2            X3            X4            X5
              ________      ________      ________      ________      ________
 X1             1.000
 X2             1.000         1.000
 X3             1.000         1.000         1.000
 X4             1.000         1.000         1.000         1.000
 X5             1.000         1.000         1.000         1.000         1.000
 X6             1.000         1.000         1.000         1.000         1.000
 X7             1.000         1.000         1.000         1.000         1.000
 X8             1.000         1.000         1.000         1.000         1.000
 X9             1.000         1.000         1.000         1.000         1.000


           Covariance Coverage
              X6            X7            X8            X9
              ________      ________      ________      ________
 X6             1.000
 X7             1.000         1.000
 X8             1.000         1.000         1.000
 X9             1.000         1.000         1.000         1.000


MODEL FIT INFORMATION

Invariance Testing

                   Number of                   Degrees of
     Model        Parameters      Chi-square    Freedom     P-value

     Configural        60            105.795        48       0.0000
     Metric            54            126.226        54       0.0000

                                               Degrees of
     Models Compared              Chi-square    Freedom     P-value

     Metric against Configural        20.431         6       0.0023


MODEL FIT INFORMATION FOR THE CONFIGURAL MODEL

Number of Free Parameters                       60

Loglikelihood

          H0 Value                       -3698.817
          H1 Value                       -3645.919

Information Criteria

          Akaike (AIC)                    7517.633
          Bayesian (BIC)                  7740.060
          Sample-Size Adjusted BIC        7549.774
            (n* = (n + 2) / 24)

Chi-Square Test of Model Fit

          Value                            105.795
          Degrees of Freedom                    48
          P-Value                           0.0000

Chi-Square Contribution and P-Value From Each Group (degrees of freedom = 24)

          MALE                              61.395     0.000
          FEMALE                            44.401     0.007

RMSEA (Root Mean Square Error Of Approximation)

          Estimate                           0.089
          90 Percent C.I.                    0.066  0.113
          Probability RMSEA <= .05           0.004

CFI/TLI

          CFI                                0.935
          TLI                                0.903

Chi-Square Test of Model Fit for the Baseline Model

          Value                            967.228
          Degrees of Freedom                    72
          P-Value                           0.0000

SRMR (Standardized Root Mean Square Residual)

          Value                              0.064


MODEL FIT INFORMATION FOR THE METRIC MODEL

Number of Free Parameters                       54

Loglikelihood

          H0 Value                       -3709.032
          H1 Value                       -3645.919

Information Criteria

          Akaike (AIC)                    7526.064
          Bayesian (BIC)                  7726.248
          Sample-Size Adjusted BIC        7554.990
            (n* = (n + 2) / 24)

Chi-Square Test of Model Fit

          Value                            126.226
          Degrees of Freedom                    54
          P-Value                           0.0000

Chi-Square Contribution From Each Group

          MALE                              72.560
          FEMALE                            53.666

RMSEA (Root Mean Square Error Of Approximation)

          Estimate                           0.094
          90 Percent C.I.                    0.073  0.116
          Probability RMSEA <= .05           0.001

CFI/TLI

          CFI                                0.919
          TLI                                0.892

Chi-Square Test of Model Fit for the Baseline Model

          Value                            967.228
          Degrees of Freedom                    72
          P-Value                           0.0000

SRMR (Standardized Root Mean Square Residual)

          Value                              0.087



MODEL RESULTS FOR THE CONFIGURAL MODEL

                                                    Two-Tailed
                    Estimate       S.E.  Est./S.E.    P-Value

Group MALE

 F1       BY
    X1                 1.000      0.000    999.000    999.000
    X2                 0.511      0.223      2.289      0.022
    X3                 0.873      0.260      3.357      0.001

 F2       BY
    X4                 1.000      0.000    999.000    999.000
    X5                 1.159      0.102     11.372      0.000
    X6                 0.930      0.088     10.594      0.000

 F3       BY
    X7                 1.000      0.000    999.000    999.000
    X8                 1.480      0.285      5.195      0.000
    X9                 0.679      0.141      4.820      0.000

 F2       WITH
    F1                 0.327      0.109      2.986      0.003

 F3       WITH
    F1                 0.157      0.069      2.289      0.022
    F2                 0.098      0.061      1.619      0.105

 Means
    F1                 0.000      0.000    999.000    999.000
    F2                 0.000      0.000    999.000    999.000
    F3                 0.000      0.000    999.000    999.000

 Intercepts
    X1                 5.033      0.092     54.589      0.000
    X2                 6.231      0.104     59.969      0.000
    X3                 2.462      0.097     25.369      0.000
    X4                 2.918      0.092     31.741      0.000
    X5                 4.264      0.104     41.082      0.000
    X6                 2.173      0.087     24.887      0.000
    X7                 4.056      0.083     48.795      0.000
    X8                 5.571      0.092     60.757      0.000
    X9                 5.326      0.074     71.829      0.000

 Variances
    F1                 0.652      0.221      2.954      0.003
    F2                 0.860      0.147      5.854      0.000
    F3                 0.418      0.117      3.569      0.000

 Residual Variances
    X1                 0.589      0.193      3.053      0.002
    X2                 1.406      0.185      7.619      0.000
    X3                 0.878      0.178      4.929      0.000
    X4                 0.374      0.068      5.533      0.000
    X5                 0.417      0.084      4.998      0.000
    X6                 0.369      0.063      5.845      0.000
    X7                 0.591      0.097      6.116      0.000
    X8                 0.312      0.169      1.848      0.065
    X9                 0.610      0.085      7.197      0.000

Group FEMALE

 F1       BY
    X1                 1.000      0.000    999.000    999.000
    X2                 0.557      0.108      5.153      0.000
    X3                 0.586      0.112      5.220      0.000

 F2       BY
    X4                 1.000      0.000    999.000    999.000
    X5                 1.075      0.084     12.807      0.000
    X6                 0.928      0.072     12.868      0.000

 F3       BY
    X7                 1.000      0.000    999.000    999.000
    X8                 1.076      0.219      4.911      0.000
    X9                 1.691      0.425      3.977      0.000

 F2       WITH
    F1                 0.519      0.118      4.388      0.000

 F3       WITH
    F1                 0.319      0.085      3.768      0.000
    F2                 0.202      0.071      2.840      0.005

 Means
    F1                 0.000      0.000    999.000    999.000
    F2                 0.000      0.000    999.000    999.000
    F3                 0.000      0.000    999.000    999.000

 Intercepts
    X1                 4.844      0.097     50.057      0.000
    X2                 5.953      0.087     68.782      0.000
    X3                 2.051      0.084     24.367      0.000
    X4                 3.196      0.096     33.348      0.000
    X5                 4.413      0.106     41.756      0.000
    X6                 2.197      0.091     24.233      0.000
    X7                 4.308      0.092     46.747      0.000
    X8                 5.486      0.073     75.197      0.000
    X9                 5.419      0.088     61.316      0.000

 Variances
    F1                 0.977      0.207      4.727      0.000
    F2                 1.083      0.166      6.543      0.000
    F3                 0.290      0.118      2.448      0.014

 Residual Variances
    X1                 0.474      0.146      3.248      0.001
    X2                 0.858      0.110      7.796      0.000
    X3                 0.762      0.104      7.328      0.000
    X4                 0.340      0.065      5.221      0.000
    X5                 0.481      0.081      5.953      0.000
    X6                 0.341      0.059      5.781      0.000
    X7                 1.027      0.137      7.478      0.000
    X8                 0.489      0.083      5.930      0.000
    X9                 0.382      0.143      2.678      0.007


MODEL RESULTS FOR THE METRIC MODEL

                                                    Two-Tailed
                    Estimate       S.E.  Est./S.E.    P-Value

Group MALE

 F1       BY
    X1                 1.000      0.000    999.000    999.000
    X2                 0.552      0.102      5.436      0.000
    X3                 0.694      0.111      6.274      0.000

 F2       BY
    X4                 1.000      0.000    999.000    999.000
    X5                 1.110      0.065     17.137      0.000
    X6                 0.930      0.056     16.618      0.000

 F3       BY
    X7                 1.000      0.000    999.000    999.000
    X8                 1.167      0.155      7.538      0.000
    X9                 1.037      0.227      4.561      0.000

 F2       WITH
    F1                 0.364      0.097      3.760      0.000

 F3       WITH
    F1                 0.203      0.070      2.903      0.004
    F2                 0.105      0.062      1.692      0.091

 Means
    F1                 0.000      0.000    999.000    999.000
    F2                 0.000      0.000    999.000    999.000
    F3                 0.000      0.000    999.000    999.000

 Intercepts
    X1                 5.033      0.093     54.090      0.000
    X2                 6.231      0.106     58.929      0.000
    X3                 2.462      0.094     26.122      0.000
    X4                 2.918      0.093     31.489      0.000
    X5                 4.264      0.102     41.664      0.000
    X6                 2.173      0.088     24.704      0.000
    X7                 4.056      0.083     49.034      0.000
    X8                 5.571      0.088     63.424      0.000
    X9                 5.326      0.078     68.208      0.000

 Variances
    F1                 0.724      0.164      4.429      0.000
    F2                 0.886      0.133      6.681      0.000
    F3                 0.376      0.123      3.067      0.002

 Residual Variances
    X1                 0.540      0.141      3.817      0.000
    X2                 1.412      0.177      7.960      0.000
    X3                 0.949      0.137      6.910      0.000
    X4                 0.367      0.065      5.643      0.000
    X5                 0.437      0.079      5.530      0.000
    X6                 0.363      0.061      5.950      0.000
    X7                 0.623      0.126      4.944      0.000
    X8                 0.614      0.167      3.682      0.000
    X9                 0.485      0.113      4.284      0.000

Group FEMALE

 F1       BY
    X1                 1.000      0.000    999.000    999.000
    X2                 0.552      0.102      5.436      0.000
    X3                 0.694      0.111      6.274      0.000

 F2       BY
    X4                 1.000      0.000    999.000    999.000
    X5                 1.110      0.065     17.137      0.000
    X6                 0.930      0.056     16.618      0.000

 F3       BY
    X7                 1.000      0.000    999.000    999.000
    X8                 1.167      0.155      7.538      0.000
    X9                 1.037      0.227      4.561      0.000

 F2       WITH
    F1                 0.484      0.114      4.240      0.000

 F3       WITH
    F1                 0.303      0.084      3.623      0.000
    F2                 0.207      0.075      2.762      0.006

 Means
    F1                 0.000      0.000    999.000    999.000
    F2                 0.000      0.000    999.000    999.000
    F3                 0.000      0.000    999.000    999.000

 Intercepts
    X1                 4.844      0.096     50.439      0.000
    X2                 5.953      0.085     69.757      0.000
    X3                 2.051      0.086     23.764      0.000
    X4                 3.196      0.095     33.557      0.000
    X5                 4.413      0.107     41.234      0.000
    X6                 2.197      0.090     24.374      0.000
    X7                 4.308      0.093     46.504      0.000
    X8                 5.486      0.075     72.951      0.000
    X9                 5.419      0.084     64.406      0.000

 Variances
    F1                 0.886      0.196      4.511      0.000
    F2                 1.059      0.152      6.955      0.000
    F3                 0.399      0.101      3.941      0.000

 Residual Variances
    X1                 0.544      0.144      3.771      0.000
    X2                 0.859      0.110      7.789      0.000
    X3                 0.728      0.105      6.910      0.000
    X4                 0.347      0.063      5.523      0.000
    X5                 0.471      0.079      5.956      0.000
    X6                 0.343      0.057      5.984      0.000
    X7                 0.931      0.122      7.622      0.000
    X8                 0.333      0.098      3.381      0.001
    X9                 0.668      0.138      4.840      0.000


QUALITY OF NUMERICAL RESULTS FOR THE CONFIGURAL MODEL

     Condition Number for the Information Matrix              0.366E-02
       (ratio of smallest to largest eigenvalue)


QUALITY OF NUMERICAL RESULTS FOR THE METRIC MODEL

     Condition Number for the Information Matrix              0.366E-02
       (ratio of smallest to largest eigenvalue)


TECHNICAL 1 OUTPUT FOR THE CONFIGURAL MODEL


     PARAMETER SPECIFICATION FOR MALE


           NU
              X1            X2            X3            X4            X5
              ________      ________      ________      ________      ________
      1           1             2             3             4             5


           NU
              X6            X7            X8            X9
              ________      ________      ________      ________
      1           6             7             8             9


           LAMBDA
              F1            F2            F3
              ________      ________      ________
 X1                 0             0             0
 X2                10             0             0
 X3                11             0             0
 X4                 0             0             0
 X5                 0            12             0
 X6                 0            13             0
 X7                 0             0             0
 X8                 0             0            14
 X9                 0             0            15


           THETA
              X1            X2            X3            X4            X5
              ________      ________      ________      ________      ________
 X1                16
 X2                 0            17
 X3                 0             0            18
 X4                 0             0             0            19
 X5                 0             0             0             0            20
 X6                 0             0             0             0             0
 X7                 0             0             0             0             0
 X8                 0             0             0             0             0
 X9                 0             0             0             0             0


           THETA
              X6            X7            X8            X9
              ________      ________      ________      ________
 X6                21
 X7                 0            22
 X8                 0             0            23
 X9                 0             0             0            24


           ALPHA
              F1            F2            F3
              ________      ________      ________
      1           0             0             0


           BETA
              F1            F2            F3
              ________      ________      ________
 F1                 0             0             0
 F2                 0             0             0
 F3                 0             0             0


           PSI
              F1            F2            F3
              ________      ________      ________
 F1                25
 F2                26            27
 F3                28            29            30


     PARAMETER SPECIFICATION FOR FEMALE


           NU
              X1            X2            X3            X4            X5
              ________      ________      ________      ________      ________
      1          31            32            33            34            35


           NU
              X6            X7            X8            X9
              ________      ________      ________      ________
      1          36            37            38            39


           LAMBDA
              F1            F2            F3
              ________      ________      ________
 X1                 0             0             0
 X2                40             0             0
 X3                41             0             0
 X4                 0             0             0
 X5                 0            42             0
 X6                 0            43             0
 X7                 0             0             0
 X8                 0             0            44
 X9                 0             0            45


           THETA
              X1            X2            X3            X4            X5
              ________      ________      ________      ________      ________
 X1                46
 X2                 0            47
 X3                 0             0            48
 X4                 0             0             0            49
 X5                 0             0             0             0            50
 X6                 0             0             0             0             0
 X7                 0             0             0             0             0
 X8                 0             0             0             0             0
 X9                 0             0             0             0             0


           THETA
              X6            X7            X8            X9
              ________      ________      ________      ________
 X6                51
 X7                 0            52
 X8                 0             0            53
 X9                 0             0             0            54


           ALPHA
              F1            F2            F3
              ________      ________      ________
      1           0             0             0


           BETA
              F1            F2            F3
              ________      ________      ________
 F1                 0             0             0
 F2                 0             0             0
 F3                 0             0             0


           PSI
              F1            F2            F3
              ________      ________      ________
 F1                55
 F2                56            57
 F3                58            59            60


     STARTING VALUES FOR MALE


           NU
              X1            X2            X3            X4            X5
              ________      ________      ________      ________      ________
      1         5.033         6.231         2.462         2.918         4.264


           NU
              X6            X7            X8            X9
              ________      ________      ________      ________
      1         2.173         4.056         5.571         5.326


           LAMBDA
              F1            F2            F3
              ________      ________      ________
 X1             1.000         0.000         0.000
 X2             0.841         0.000         0.000
 X3             2.050         0.000         0.000
 X4             0.000         1.000         0.000
 X5             0.000         1.193         0.000
 X6             0.000         0.923         0.000
 X7             0.000         0.000         1.000
 X8             0.000         0.000         1.373
 X9             0.000         0.000         0.629


           THETA
              X1            X2            X3            X4            X5
              ________      ________      ________      ________      ________
 X1             0.621
 X2             0.000         0.788
 X3             0.000         0.000         0.688
 X4             0.000         0.000         0.000         0.617
 X5             0.000         0.000         0.000         0.000         0.786
 X6             0.000         0.000         0.000         0.000         0.000
 X7             0.000         0.000         0.000         0.000         0.000
 X8             0.000         0.000         0.000         0.000         0.000
 X9             0.000         0.000         0.000         0.000         0.000


           THETA
              X6            X7            X8            X9
              ________      ________      ________      ________
 X6             0.557
 X7             0.000         0.504
 X8             0.000         0.000         0.614
 X9             0.000         0.000         0.000         0.401


           ALPHA
              F1            F2            F3
              ________      ________      ________
      1         0.000         0.000         0.000


           BETA
              F1            F2            F3
              ________      ________      ________
 F1             0.000         0.000         0.000
 F2             0.000         0.000         0.000
 F3             0.000         0.000         0.000


           PSI
              F1            F2            F3
              ________      ________      ________
 F1             0.050
 F2             0.000         0.050
 F3             0.000         0.000         0.050


     STARTING VALUES FOR FEMALE


           NU
              X1            X2            X3            X4            X5
              ________      ________      ________      ________      ________
      1         5.033         6.231         2.462         2.918         4.264


           NU
              X6            X7            X8            X9
              ________      ________      ________      ________
      1         2.173         4.056         5.571         5.326


           LAMBDA
              F1            F2            F3
              ________      ________      ________
 X1             1.000         0.000         0.000
 X2             0.669         0.000         0.000
 X3             0.679         0.000         0.000
 X4             0.000         1.000         0.000
 X5             0.000         1.091         0.000
 X6             0.000         0.940         0.000
 X7             0.000         0.000         1.000
 X8             0.000         0.000         1.174
 X9             0.000         0.000         1.139


           THETA
              X1            X2            X3            X4            X5
              ________      ________      ________      ________      ________
 X1             0.621
 X2             0.000         0.788
 X3             0.000         0.000         0.688
 X4             0.000         0.000         0.000         0.617
 X5             0.000         0.000         0.000         0.000         0.786
 X6             0.000         0.000         0.000         0.000         0.000
 X7             0.000         0.000         0.000         0.000         0.000
 X8             0.000         0.000         0.000         0.000         0.000
 X9             0.000         0.000         0.000         0.000         0.000


           THETA
              X6            X7            X8            X9
              ________      ________      ________      ________
 X6             0.557
 X7             0.000         0.504
 X8             0.000         0.000         0.614
 X9             0.000         0.000         0.000         0.401


           ALPHA
              F1            F2            F3
              ________      ________      ________
      1         0.000         0.000         0.000


           BETA
              F1            F2            F3
              ________      ________      ________
 F1             0.000         0.000         0.000
 F2             0.000         0.000         0.000
 F3             0.000         0.000         0.000


           PSI
              F1            F2            F3
              ________      ________      ________
 F1             0.050
 F2             0.000         0.050
 F3             0.000         0.000         0.050


TECHNICAL 1 OUTPUT FOR THE METRIC MODEL


     PARAMETER SPECIFICATION FOR MALE


           NU
              X1            X2            X3            X4            X5
              ________      ________      ________      ________      ________
      1           1             2             3             4             5


           NU
              X6            X7            X8            X9
              ________      ________      ________      ________
      1           6             7             8             9


           LAMBDA
              F1            F2            F3
              ________      ________      ________
 X1                 0             0             0
 X2                10             0             0
 X3                11             0             0
 X4                 0             0             0
 X5                 0            12             0
 X6                 0            13             0
 X7                 0             0             0
 X8                 0             0            14
 X9                 0             0            15


           THETA
              X1            X2            X3            X4            X5
              ________      ________      ________      ________      ________
 X1                16
 X2                 0            17
 X3                 0             0            18
 X4                 0             0             0            19
 X5                 0             0             0             0            20
 X6                 0             0             0             0             0
 X7                 0             0             0             0             0
 X8                 0             0             0             0             0
 X9                 0             0             0             0             0


           THETA
              X6            X7            X8            X9
              ________      ________      ________      ________
 X6                21
 X7                 0            22
 X8                 0             0            23
 X9                 0             0             0            24


           ALPHA
              F1            F2            F3
              ________      ________      ________
      1           0             0             0


           BETA
              F1            F2            F3
              ________      ________      ________
 F1                 0             0             0
 F2                 0             0             0
 F3                 0             0             0


           PSI
              F1            F2            F3
              ________      ________      ________
 F1                25
 F2                26            27
 F3                28            29            30


     PARAMETER SPECIFICATION FOR FEMALE


           NU
              X1            X2            X3            X4            X5
              ________      ________      ________      ________      ________
      1          31            32            33            34            35


           NU
              X6            X7            X8            X9
              ________      ________      ________      ________
      1          36            37            38            39


           LAMBDA
              F1            F2            F3
              ________      ________      ________
 X1                 0             0             0
 X2                10             0             0
 X3                11             0             0
 X4                 0             0             0
 X5                 0            12             0
 X6                 0            13             0
 X7                 0             0             0
 X8                 0             0            14
 X9                 0             0            15


           THETA
              X1            X2            X3            X4            X5
              ________      ________      ________      ________      ________
 X1                40
 X2                 0            41
 X3                 0             0            42
 X4                 0             0             0            43
 X5                 0             0             0             0            44
 X6                 0             0             0             0             0
 X7                 0             0             0             0             0
 X8                 0             0             0             0             0
 X9                 0             0             0             0             0


           THETA
              X6            X7            X8            X9
              ________      ________      ________      ________
 X6                45
 X7                 0            46
 X8                 0             0            47
 X9                 0             0             0            48


           ALPHA
              F1            F2            F3
              ________      ________      ________
      1           0             0             0


           BETA
              F1            F2            F3
              ________      ________      ________
 F1                 0             0             0
 F2                 0             0             0
 F3                 0             0             0


           PSI
              F1            F2            F3
              ________      ________      ________
 F1                49
 F2                50            51
 F3                52            53            54


     STARTING VALUES FOR MALE


           NU
              X1            X2            X3            X4            X5
              ________      ________      ________      ________      ________
      1         5.033         6.231         2.462         2.918         4.264


           NU
              X6            X7            X8            X9
              ________      ________      ________      ________
      1         2.173         4.056         5.571         5.326


           LAMBDA
              F1            F2            F3
              ________      ________      ________
 X1             1.000         0.000         0.000
 X2             0.841         0.000         0.000
 X3             2.050         0.000         0.000
 X4             0.000         1.000         0.000
 X5             0.000         1.193         0.000
 X6             0.000         0.923         0.000
 X7             0.000         0.000         1.000
 X8             0.000         0.000         1.373
 X9             0.000         0.000         0.629


           THETA
              X1            X2            X3            X4            X5
              ________      ________      ________      ________      ________
 X1             0.621
 X2             0.000         0.788
 X3             0.000         0.000         0.688
 X4             0.000         0.000         0.000         0.617
 X5             0.000         0.000         0.000         0.000         0.786
 X6             0.000         0.000         0.000         0.000         0.000
 X7             0.000         0.000         0.000         0.000         0.000
 X8             0.000         0.000         0.000         0.000         0.000
 X9             0.000         0.000         0.000         0.000         0.000


           THETA
              X6            X7            X8            X9
              ________      ________      ________      ________
 X6             0.557
 X7             0.000         0.504
 X8             0.000         0.000         0.614
 X9             0.000         0.000         0.000         0.401


           ALPHA
              F1            F2            F3
              ________      ________      ________
      1         0.000         0.000         0.000


           BETA
              F1            F2            F3
              ________      ________      ________
 F1             0.000         0.000         0.000
 F2             0.000         0.000         0.000
 F3             0.000         0.000         0.000


           PSI
              F1            F2            F3
              ________      ________      ________
 F1             0.050
 F2             0.000         0.050
 F3             0.000         0.000         0.050


     STARTING VALUES FOR FEMALE


           NU
              X1            X2            X3            X4            X5
              ________      ________      ________      ________      ________
      1         5.033         6.231         2.462         2.918         4.264


           NU
              X6            X7            X8            X9
              ________      ________      ________      ________
      1         2.173         4.056         5.571         5.326


           LAMBDA
              F1            F2            F3
              ________      ________      ________
 X1             1.000         0.000         0.000
 X2             0.669         0.000         0.000
 X3             0.679         0.000         0.000
 X4             0.000         1.000         0.000
 X5             0.000         1.091         0.000
 X6             0.000         0.940         0.000
 X7             0.000         0.000         1.000
 X8             0.000         0.000         1.174
 X9             0.000         0.000         1.139


           THETA
              X1            X2            X3            X4            X5
              ________      ________      ________      ________      ________
 X1             0.621
 X2             0.000         0.788
 X3             0.000         0.000         0.688
 X4             0.000         0.000         0.000         0.617
 X5             0.000         0.000         0.000         0.000         0.786
 X6             0.000         0.000         0.000         0.000         0.000
 X7             0.000         0.000         0.000         0.000         0.000
 X8             0.000         0.000         0.000         0.000         0.000
 X9             0.000         0.000         0.000         0.000         0.000


           THETA
              X6            X7            X8            X9
              ________      ________      ________      ________
 X6             0.557
 X7             0.000         0.504
 X8             0.000         0.000         0.614
 X9             0.000         0.000         0.000         0.401


           ALPHA
              F1            F2            F3
              ________      ________      ________
      1         0.000         0.000         0.000


           BETA
              F1            F2            F3
              ________      ________      ________
 F1             0.000         0.000         0.000
 F2             0.000         0.000         0.000
 F3             0.000         0.000         0.000


           PSI
              F1            F2            F3
              ________      ________      ________
 F1             0.050
 F2             0.000         0.050
 F3             0.000         0.000         0.050


TECHNICAL 9 OUTPUT

Error messages for the Configural Model:

THE MODEL ESTIMATION TERMINATED NORMALLY

Error messages for the Metric Model:

THE MODEL ESTIMATION TERMINATED NORMALLY



DIAGRAM INFORMATION

  Mplus diagrams are not available for multiple invariance models.
  No diagram output was produced.


     Beginning Time:  15:15:51
        Ending Time:  15:15:51
       Elapsed Time:  00:00:00



MUTHEN & MUTHEN
3463 Stoner Ave.
Los Angeles, CA  90066

Tel: (310) 391-9971
Fax: (310) 391-8971
Web: www.StatModel.com
Support: Support@StatModel.com

Copyright (c) 1998-2014 Muthen & Muthen
