Mplus VERSION 7 (Mac)
MUTHEN & MUTHEN
04/27/2015   2:21 PM

INPUT INSTRUCTIONS

    TITLE:  approximate measurement invariance Try 1

    DATA:  !file is "/Users/RJacobucci/Dropbox/621/Project/HS.dat";
    	file = HS.dat;

    VARIABLE:  names are id sex ageyr agemo school grade x1 x2 x3 x4 x5 x6 x7 x8 x9;
              ! ageyr won't converge
               usevar are x1 x2 x3 x4 x5 x6 x7 x8 x9;
               !categorical are sex;
               missing are all (-99);
               CLASSES = c(2);
               KNOWNCLASS = c(grade =7-8);!(1= male 2 = female);

    ANALYSIS:
  	TYPE = MIXTURE;
  	ESTIMATOR = BAYES;
  	PROCESSORS = 2;
  	CHAINS = 15;
  	Bconvergence = 0.01;
  	BITERATIONS = 5000000(200,000);
  	model = allfree;

     MODEL: %OVERALL%
          	   f1 by x1@1 x2-x9 (lam#_1-lam#_9);
          	   [x1-x9] (nu#_1-nu#_9);
          	
          	%c#1%
  	[f1@0];
  	f1@1;
  	%c#2%
  	[f1*];
  	f1*;
          	
     MODEL PRIORS:
     	do(2,9) diff(lam1_#-lam2_#) ~ N(0,0.01);
     	do(2,9) diff(nu1_#-nu2_#) ~ N(0,0.001);


          	
          	








*** WARNING
  Data set contains unknown or missing values for variable GRADE.
  This variable is used to determine the KNOWNCLASS specification.
  Number of such cases:  1
   1 WARNING(S) FOUND IN THE INPUT INSTRUCTIONS



approximate measurement invariance Try 1

SUMMARY OF ANALYSIS

Number of groups                                                 1
Number of observations                                         300

Number of dependent variables                                    9
Number of independent variables                                  0
Number of continuous latent variables                            1
Number of categorical latent variables                           1

Observed dependent variables

  Continuous
   X1          X2          X3          X4          X5          X6
   X7          X8          X9

Continuous latent variables
   F1

Categorical latent variables
   C

  Knownclass            C


Estimator                                                    BAYES
Specifications for Bayesian Estimation
  Point estimate                                            MEDIAN
  Number of Markov chain Monte Carlo (MCMC) chains              15
  Random seed for the first chain                                0
  Starting value information                           UNPERTURBED
  Treatment of categorical mediator                         LATENT
  Algorithm used for Markov chain Monte Carlo           GIBBS(PX1)
  Convergence criterion                                  0.100D-01
  Maximum number of iterations                             5000000
  K-th iteration used for thinning                               1

Input data file(s)
  HS.dat
Input data format  FREE


SUMMARY OF DATA



COVARIANCE COVERAGE OF DATA

Minimum covariance coverage value   0.100

     Number of missing data patterns             1


     PROPORTION OF DATA PRESENT


           Covariance Coverage
              X1            X2            X3            X4            X5
              ________      ________      ________      ________      ________
 X1             1.000
 X2             1.000         1.000
 X3             1.000         1.000         1.000
 X4             1.000         1.000         1.000         1.000
 X5             1.000         1.000         1.000         1.000         1.000
 X6             1.000         1.000         1.000         1.000         1.000
 X7             1.000         1.000         1.000         1.000         1.000
 X8             1.000         1.000         1.000         1.000         1.000
 X9             1.000         1.000         1.000         1.000         1.000


           Covariance Coverage
              X6            X7            X8            X9
              ________      ________      ________      ________
 X6             1.000
 X7             1.000         1.000
 X8             1.000         1.000         1.000
 X9             1.000         1.000         1.000         1.000



THE MODEL ESTIMATION TERMINATED NORMALLY

     USE THE FBITERATIONS OPTION TO INCREASE THE NUMBER OF ITERATIONS BY A FACTOR
     OF AT LEAST TWO TO CHECK CONVERGENCE AND THAT THE PSR VALUE DOES NOT INCREASE.



MODEL FIT INFORMATION

Number of Free Parameters                              54

Bayesian Posterior Predictive Checking using Chi-Square

          95% Confidence Interval for the Difference Between
          the Observed and the Replicated Chi-Square Values

                         300.441           371.136

          Posterior Predictive P-Value       0.000

Information Criterion

          Deviance (DIC)                  7757.565
          Estimated number of paramete      39.964
          Bayesian (BIC)                  7984.717



FINAL CLASS COUNTS AND PROPORTIONS FOR THE LATENT CLASSES
BASED ON THE ESTIMATED MODEL

    Latent
   Classes

       1        157.00000          0.52333
       2        143.00000          0.47667


FINAL CLASS COUNTS AND PROPORTIONS FOR THE LATENT CLASS PATTERNS
BASED ON ESTIMATED POSTERIOR PROBABILITIES

    Latent
   Classes

       1        157.00000          0.52333
       2        143.00000          0.47667


CLASSIFICATION QUALITY

     Entropy                         1.000


CLASSIFICATION OF INDIVIDUALS BASED ON THEIR MOST LIKELY LATENT CLASS MEMBERSHIP

Class Counts and Proportions

    Latent
   Classes

       1              157          0.52333
       2              143          0.47667


Average Latent Class Probabilities for Most Likely Latent Class Membership (Row)
by Latent Class (Column)

           1        2

    1   1.000    0.000
    2   0.000    1.000


MODEL RESULTS

                                Posterior  One-Tailed         95% C.I.
                    Estimate       S.D.      P-Value   Lower 2.5%  Upper 2.5%  Significance

Latent Class 1

 F1       BY
    X1                 1.000       0.000      0.000       1.000       1.000
    X2                 0.307       0.102      0.001       0.109       0.510      *
    X3                 0.310       0.097      0.001       0.121       0.501      *
    X4                 1.207       0.089      0.000       1.041       1.394      *
    X5                 1.334       0.099      0.000       1.151       1.536      *
    X6                 1.133       0.082      0.000       0.981       1.301      *
    X7                 0.239       0.094      0.005       0.057       0.427      *
    X8                 0.218       0.088      0.006       0.047       0.396      *
    X9                 0.387       0.091      0.000       0.212       0.568      *

 Means
    F1                 0.000       0.000      1.000       0.000       0.000

 Intercepts
    X1                 4.716       0.126      0.000       4.471       4.969      *
    X2                 6.009       0.079      0.000       5.853       6.162      *
    X3                 2.161       0.075      0.000       2.013       2.307      *
    X4                 2.789       0.111      0.000       2.572       3.006      *
    X5                 4.050       0.122      0.000       3.811       4.288      *
    X6                 1.953       0.102      0.000       1.754       2.153      *
    X7                 4.091       0.077      0.000       3.940       4.239      *
    X8                 5.437       0.069      0.000       5.304       5.571      *
    X9                 5.291       0.071      0.000       5.148       5.428      *

 Variances
    F1                 1.000       0.000      0.000       1.000       1.000

 Residual Variances
    X1                 1.375       0.171      0.000       1.090       1.763      *
    X2                 1.394       0.164      0.000       1.126       1.765      *
    X3                 1.165       0.137      0.000       0.937       1.471      *
    X4                 0.388       0.066      0.000       0.276       0.536      *
    X5                 0.506       0.082      0.000       0.367       0.687      *
    X6                 0.290       0.053      0.000       0.197       0.408      *
    X7                 1.096       0.135      0.000       0.872       1.398      *
    X8                 0.967       0.117      0.000       0.769       1.227      *
    X9                 1.039       0.123      0.000       0.833       1.315      *

Latent Class 2

 F1       BY
    X1                 1.000       0.000      0.000       1.000       1.000
    X2                 0.369       0.102      0.000       0.175       0.574      *
    X3                 0.358       0.100      0.000       0.160       0.557      *
    X4                 1.258       0.098      0.000       1.075       1.458      *
    X5                 1.354       0.107      0.000       1.156       1.577      *
    X6                 1.152       0.094      0.000       0.977       1.344      *
    X7                 0.283       0.099      0.002       0.092       0.478      *
    X8                 0.308       0.091      0.000       0.132       0.486      *
    X9                 0.427       0.087      0.000       0.260       0.602      *

 Means
    F1                 0.420       0.114      0.000       0.197       0.642      *

 Intercepts
    X1                 4.726       0.125      0.000       4.486       4.971      *
    X2                 6.019       0.079      0.000       5.861       6.171      *
    X3                 2.172       0.076      0.000       2.019       2.318      *
    X4                 2.788       0.114      0.000       2.565       3.009      *
    X5                 4.041       0.124      0.000       3.796       4.281      *
    X6                 1.936       0.104      0.000       1.733       2.141      *
    X7                 4.131       0.078      0.000       3.976       4.281      *
    X8                 5.471       0.070      0.000       5.333       5.607      *
    X9                 5.311       0.072      0.000       5.167       5.448      *

 Variances
    F1                 0.569       0.103      0.000       0.399       0.806      *

 Residual Variances
    X1                 0.928       0.126      0.000       0.721       1.215      *
    X2                 1.287       0.159      0.000       1.024       1.643      *
    X3                 1.302       0.160      0.000       1.036       1.666      *
    X4                 0.419       0.076      0.000       0.289       0.589      *
    X5                 0.558       0.096      0.000       0.399       0.772      *
    X6                 0.477       0.077      0.000       0.348       0.650      *
    X7                 1.223       0.160      0.000       0.966       1.591      *
    X8                 1.002       0.127      0.000       0.790       1.290      *
    X9                 0.814       0.103      0.000       0.642       1.045      *

Categorical Latent Variables

Class Proportions

    Class 1            0.523       0.000      0.000       0.523       0.523
    Class 2            0.477       0.000      0.000       0.477       0.477


DIFFERENCE OUTPUT


            Average   Std. Dev.     Deviations from the Mean

                                    LAM1_2      LAM2_2
      1       0.338      0.092     -0.032       0.032

                                    LAM1_3      LAM2_3
      2       0.334      0.088     -0.023       0.023

                                    LAM1_4      LAM2_4
      3       1.232      0.085     -0.025       0.025

                                    LAM1_5      LAM2_5
      4       1.343      0.094     -0.011       0.011

                                    LAM1_6      LAM2_6
      5       1.142      0.079     -0.010       0.010

                                    LAM1_7      LAM2_7
      6       0.261      0.086     -0.022       0.022

                                    LAM1_8      LAM2_8
      7       0.263      0.079     -0.044       0.044

                                    LAM1_9      LAM2_9
      8       0.407      0.078     -0.020       0.020

                                    NU1_2       NU2_2
      9       6.014      0.077     -0.005       0.005

                                    NU1_3       NU2_3
     10       2.166      0.074     -0.005       0.005

                                    NU1_4       NU2_4
     11       2.788      0.112      0.001      -0.001

                                    NU1_5       NU2_5
     12       4.046      0.122      0.005      -0.005

                                    NU1_6       NU2_6
     13       1.945      0.102      0.009      -0.009

                                    NU1_7       NU2_7
     14       4.111      0.076     -0.020       0.020

                                    NU1_8       NU2_8
     15       5.454      0.068     -0.017       0.017

                                    NU1_9       NU2_9
     16       5.301      0.070     -0.010       0.010



     Beginning Time:  14:21:34
        Ending Time:  14:21:38
       Elapsed Time:  00:00:04



MUTHEN & MUTHEN
3463 Stoner Ave.
Los Angeles, CA  90066

Tel: (310) 391-9971
Fax: (310) 391-8971
Web: www.StatModel.com
Support: Support@StatModel.com

Copyright (c) 1998-2012 Muthen & Muthen
