Mplus VERSION 7 (Mac)
MUTHEN & MUTHEN
04/26/2015   5:23 PM

INPUT INSTRUCTIONS

    TITLE:  MNLFA Try 1

    DATA:  file is "/Users/RJacobucci/Dropbox/621/Project/HS.dat";

    VARIABLE:  names are id sex ageyr agemo school grade x1 x2 x3 x4 x5 x6 x7 x8 x9;

               usevar are x1 x2 x3 x4 x5 x6 x7 x8 x9;
               !categorical are sex;
               missing are all (-99);
     MODEL:
          	   f1 by x1-x9;







INPUT READING TERMINATED NORMALLY



MNLFA Try 1

SUMMARY OF ANALYSIS

Number of groups                                                 1
Number of observations                                         301

Number of dependent variables                                    9
Number of independent variables                                  0
Number of continuous latent variables                            1

Observed dependent variables

  Continuous
   X1          X2          X3          X4          X5          X6
   X7          X8          X9

Continuous latent variables
   F1


Estimator                                                       ML
Information matrix                                        OBSERVED
Maximum number of iterations                                  1000
Convergence criterion                                    0.500D-04
Maximum number of steepest descent iterations                   20
Maximum number of iterations for H1                           2000
Convergence criterion for H1                             0.100D-03

Input data file(s)
  /Users/RJacobucci/Dropbox/621/Project/HS.dat

Input data format  FREE


SUMMARY OF DATA

     Number of missing data patterns             1


COVARIANCE COVERAGE OF DATA

Minimum covariance coverage value   0.100


     PROPORTION OF DATA PRESENT


           Covariance Coverage
              X1            X2            X3            X4            X5
              ________      ________      ________      ________      ________
 X1             1.000
 X2             1.000         1.000
 X3             1.000         1.000         1.000
 X4             1.000         1.000         1.000         1.000
 X5             1.000         1.000         1.000         1.000         1.000
 X6             1.000         1.000         1.000         1.000         1.000
 X7             1.000         1.000         1.000         1.000         1.000
 X8             1.000         1.000         1.000         1.000         1.000
 X9             1.000         1.000         1.000         1.000         1.000


           Covariance Coverage
              X6            X7            X8            X9
              ________      ________      ________      ________
 X6             1.000
 X7             1.000         1.000
 X8             1.000         1.000         1.000
 X9             1.000         1.000         1.000         1.000



THE MODEL ESTIMATION TERMINATED NORMALLY



MODEL FIT INFORMATION

Number of Free Parameters                       27

Loglikelihood

          H0 Value                       -3851.224
          H1 Value                       -3695.092

Information Criteria

          Akaike (AIC)                    7756.448
          Bayesian (BIC)                  7856.540
          Sample-Size Adjusted BIC        7770.912
            (n* = (n + 2) / 24)

Chi-Square Test of Model Fit

          Value                            312.264
          Degrees of Freedom                    27
          P-Value                           0.0000

RMSEA (Root Mean Square Error Of Approximation)

          Estimate                           0.187
          90 Percent C.I.                    0.169  0.206
          Probability RMSEA <= .05           0.000

CFI/TLI

          CFI                                0.677
          TLI                                0.569

Chi-Square Test of Model Fit for the Baseline Model

          Value                            918.852
          Degrees of Freedom                    36
          P-Value                           0.0000

SRMR (Standardized Root Mean Square Residual)

          Value                              0.131



MODEL RESULTS

                                                    Two-Tailed
                    Estimate       S.E.  Est./S.E.    P-Value

 F1       BY
    X1                 1.000      0.000    999.000    999.000
    X2                 0.508      0.150      3.381      0.001
    X3                 0.493      0.144      3.431      0.001
    X4                 1.930      0.258      7.474      0.000
    X5                 2.123      0.289      7.353      0.000
    X6                 1.796      0.241      7.447      0.000
    X7                 0.385      0.138      2.794      0.005
    X8                 0.398      0.129      3.099      0.002
    X9                 0.606      0.136      4.452      0.000

 Intercepts
    X1                 4.936      0.067     73.473      0.000
    X2                 6.088      0.068     89.855      0.000
    X3                 2.250      0.065     34.579      0.000
    X4                 3.061      0.067     45.694      0.000
    X5                 4.341      0.074     58.452      0.000
    X6                 2.186      0.063     34.667      0.000
    X7                 4.186      0.063     66.766      0.000
    X8                 5.527      0.058     94.854      0.000
    X9                 5.374      0.058     92.546      0.000

 Variances
    F1                 0.261      0.070      3.745      0.000

 Residual Variances
    X1                 1.098      0.093     11.840      0.000
    X2                 1.315      0.108     12.182      0.000
    X3                 1.212      0.100     12.169      0.000
    X4                 0.380      0.048      7.979      0.000
    X5                 0.486      0.059      8.290      0.000
    X6                 0.356      0.043      8.284      0.000
    X7                 1.145      0.094     12.210      0.000
    X8                 0.981      0.080     12.193      0.000
    X9                 0.919      0.076     12.080      0.000


QUALITY OF NUMERICAL RESULTS

     Condition Number for the Information Matrix              0.189E-02
       (ratio of smallest to largest eigenvalue)


     Beginning Time:  17:23:04
        Ending Time:  17:23:04
       Elapsed Time:  00:00:00



MUTHEN & MUTHEN
3463 Stoner Ave.
Los Angeles, CA  90066

Tel: (310) 391-9971
Fax: (310) 391-8971
Web: www.StatModel.com
Support: Support@StatModel.com

Copyright (c) 1998-2012 Muthen & Muthen
